Using pre-set license
Built from '2020.3/staging' branch; Version is '2020.3.5f1 (8095aa901b9b) revision 8426922'; Using compiler version '192528614'; Build Type 'Release'
OS: 'Windows 10 Home; OS build 19043.1645; Version 2009; 64bit' Language: 'en' Physical Memory: 32710 MB
BatchMode: 1, IsHumanControllingUs: 0, StartBugReporterOnCrash: 0, Is64bit: 1, IsPro: 0

 COMMAND LINE ARGUMENTS:
C:\Users\122os\OneDrive\Documents\Unity\2020.3.5f1\Editor\Unity.exe
-adb2
-batchMode
-noUpm
-name
AssetImportWorker0
-projectPath
D:/Repositories/ThirdPersonClassic/ThirdPersonClassic
-logFile
Logs/AssetImportWorker0.log
-srvPort
64869
Successfully changed project path to: D:/Repositories/ThirdPersonClassic/ThirdPersonClassic
D:/Repositories/ThirdPersonClassic/ThirdPersonClassic
Using Asset Import Pipeline V2.
Refreshing native plugins compatible for Editor in 58.18 ms, found 0 plugins.
Preloading 0 native plugins for Editor in 0.00 ms.
Initialize engine version: 2020.3.5f1 (8095aa901b9b)
[Subsystems] Discovering subsystems at path C:/Users/122os/OneDrive/Documents/Unity/2020.3.5f1/Editor/Data/Resources/UnitySubsystems
[Subsystems] Discovering subsystems at path D:/Repositories/ThirdPersonClassic/ThirdPersonClassic/Assets
GfxDevice: creating device client; threaded=0
Direct3D:
    Version:  Direct3D 11.0 [level 11.1]
    Renderer: NVIDIA GeForce GTX 1660 SUPER (ID=0x21c4)
    Vendor:   
    VRAM:     5991 MB
    Driver:   27.21.14.6109
Initialize mono
Mono path[0] = 'C:/Users/122os/OneDrive/Documents/Unity/2020.3.5f1/Editor/Data/Managed'
Mono path[1] = 'C:/Users/122os/OneDrive/Documents/Unity/2020.3.5f1/Editor/Data/MonoBleedingEdge/lib/mono/unityjit'
Mono config path = 'C:/Users/122os/OneDrive/Documents/Unity/2020.3.5f1/Editor/Data/MonoBleedingEdge/etc'
Using monoOptions --debugger-agent=transport=dt_socket,embedding=1,server=y,suspend=n,address=127.0.0.1:56132
Begin MonoManager ReloadAssembly
Registering precompiled unity dll's ...
Register platform support module: C:/Users/122os/OneDrive/Documents/Unity/2020.3.5f1/Editor/Data/PlaybackEngines/WebGLSupport/UnityEditor.WebGL.Extensions.dll
Register platform support module: C:/Users/122os/OneDrive/Documents/Unity/2020.3.5f1/Editor/Data/PlaybackEngines/WindowsStandaloneSupport/UnityEditor.WindowsStandalone.Extensions.dll
Registered in 0.002051 seconds.
Native extension for WindowsStandalone target not found
Native extension for WebGL target not found
Refreshing native plugins compatible for Editor in 75.29 ms, found 0 plugins.
Preloading 0 native plugins for Editor in 0.00 ms.
Mono: successfully reloaded assembly
- Completed reload, in  1.767 seconds
Platform modules already initialized, skipping
Registering precompiled user dll's ...
Registered in 0.001144 seconds.
Begin MonoManager ReloadAssembly
Native extension for WindowsStandalone target not found
Native extension for WebGL target not found
Refreshing native plugins compatible for Editor in 45.68 ms, found 0 plugins.
Preloading 0 native plugins for Editor in 0.00 ms.
Mono: successfully reloaded assembly
- Completed reload, in  1.140 seconds
Platform modules already initialized, skipping
========================================================================
Worker process is ready to serve import requests
Shader 'Universal Render Pipeline/Particles/Lit': fallback shader 'Universal Render Pipeline/Particles/SimpleLit' not found
Shader 'Universal Render Pipeline/Particles/Lit': fallback shader 'Universal Render Pipeline/Particles/SimpleLit' not found
Launched and connected shader compiler UnityShaderCompiler.exe after 0.04 seconds
Refreshing native plugins compatible for Editor in 0.60 ms, found 0 plugins.
Preloading 0 native plugins for Editor in 0.00 ms.
Unloading 2421 Unused Serialized files (Serialized files now loaded: 0)
System memory in use before: 113.1 MB.
System memory in use after: 110.3 MB.

Unloading 45 unused Assets to reduce memory usage. Loaded Objects now: 2827.
Total: 4.091700 ms (FindLiveObjects: 0.578900 ms CreateObjectMapping: 0.238700 ms MarkObjects: 1.918000 ms  DeleteObjects: 1.355000 ms)

========================================================================
Received Import Request.
  path: Assets/Readme.asset
  artifactKey: Guid(83c2ed844a8c74b779a4c823d16594b1) Importer(815301076,1909f56bfc062723c751e8b465ee728b)
Start importing Assets/Readme.asset using Guid(83c2ed844a8c74b779a4c823d16594b1) Importer(815301076,1909f56bfc062723c751e8b465ee728b)  -> (artifact id: 'fa7ed051ced4084210995b9ef96a3a7f') in 0.040241 seconds
  Import took 0.044295 seconds .

========================================================================
Received Import Request.
  Time since last request: 3561.717268 seconds.
  path: Assets/Scripts
  artifactKey: Guid(02a3527b6b33a924e8ec66aa805ea717) Importer(815301076,1909f56bfc062723c751e8b465ee728b)
Start importing Assets/Scripts using Guid(02a3527b6b33a924e8ec66aa805ea717) Importer(815301076,1909f56bfc062723c751e8b465ee728b)  -> (artifact id: '6bd86b1d3c446bea3dff0cc9782305c0') in 0.006712 seconds
  Import took 0.010974 seconds .

========================================================================
Received Import Request.
  Time since last request: 0.001178 seconds.
  path: Assets/Scripts
  artifactKey: Guid(02a3527b6b33a924e8ec66aa805ea717) Importer(815301076,1909f56bfc062723c751e8b465ee728b)
Start importing Assets/Scripts using Guid(02a3527b6b33a924e8ec66aa805ea717) Importer(815301076,1909f56bfc062723c751e8b465ee728b)  -> (artifact id: '6bd86b1d3c446bea3dff0cc9782305c0') in 0.002914 seconds
  Import took 0.008022 seconds .

========================================================================
Received Import Request.
  Time since last request: 2.175691 seconds.
  path: Assets/Scripts/SimpleCameraController.cs
  artifactKey: Guid(be76e5f14cfee674cb30b491fb72b09b) Importer(815301076,1909f56bfc062723c751e8b465ee728b)
Start importing Assets/Scripts/SimpleCameraController.cs using Guid(be76e5f14cfee674cb30b491fb72b09b) Importer(815301076,1909f56bfc062723c751e8b465ee728b)  -> (artifact id: '620331517c14627a49fd031050405bce') in 0.014279 seconds
  Import took 0.018395 seconds .

========================================================================
Received Import Request.
  Time since last request: 10.167724 seconds.
  path: Assets/Scripts/ModularEvents
  artifactKey: Guid(66935084b54caf4439b24621369b492d) Importer(815301076,1909f56bfc062723c751e8b465ee728b)
Start importing Assets/Scripts/ModularEvents using Guid(66935084b54caf4439b24621369b492d) Importer(815301076,1909f56bfc062723c751e8b465ee728b)  -> (artifact id: '7098f916b759faafcd2906ff7c0594dd') in 0.006211 seconds
  Import took 0.009743 seconds .

========================================================================
Received Import Request.
  Time since last request: 0.004790 seconds.
  path: Assets/Scripts/ModularEvents
  artifactKey: Guid(66935084b54caf4439b24621369b492d) Importer(815301076,1909f56bfc062723c751e8b465ee728b)
Start importing Assets/Scripts/ModularEvents using Guid(66935084b54caf4439b24621369b492d) Importer(815301076,1909f56bfc062723c751e8b465ee728b)  -> (artifact id: '7098f916b759faafcd2906ff7c0594dd') in 0.004257 seconds
  Import took 0.008639 seconds .

========================================================================
Received Prepare
Registering precompiled user dll's ...
Registered in 0.001159 seconds.
Begin MonoManager ReloadAssembly
Native extension for WindowsStandalone target not found
Native extension for WebGL target not found
Refreshing native plugins compatible for Editor in 0.39 ms, found 0 plugins.
Preloading 0 native plugins for Editor in 0.00 ms.
Mono: successfully reloaded assembly
- Completed reload, in  0.944 seconds
Platform modules already initialized, skipping
Shader 'Universal Render Pipeline/Particles/Lit': fallback shader 'Universal Render Pipeline/Particles/SimpleLit' not found
Shader 'Universal Render Pipeline/Particles/Lit': fallback shader 'Universal Render Pipeline/Particles/SimpleLit' not found
Refreshing native plugins compatible for Editor in 0.54 ms, found 0 plugins.
Preloading 0 native plugins for Editor in 0.00 ms.
Unloading 2350 Unused Serialized files (Serialized files now loaded: 0)
System memory in use before: 109.6 MB.
System memory in use after: 106.9 MB.

Unloading 40 unused Assets to reduce memory usage. Loaded Objects now: 2834.
Total: 3.961700 ms (FindLiveObjects: 0.315500 ms CreateObjectMapping: 0.229700 ms MarkObjects: 1.926000 ms  DeleteObjects: 1.489200 ms)

========================================================================
Received Import Request.
  Time since last request: 2499.095511 seconds.
  path: Assets/Scripts/ModularEvents/GameEventListenerWithDelay.cs
  artifactKey: Guid(dd54c3028c4a1fa409271c31eb0e2dbb) Importer(815301076,1909f56bfc062723c751e8b465ee728b)
Start importing Assets/Scripts/ModularEvents/GameEventListenerWithDelay.cs using Guid(dd54c3028c4a1fa409271c31eb0e2dbb) Importer(815301076,1909f56bfc062723c751e8b465ee728b)  -> (artifact id: 'ad89dd439b2338aef377aa7b730ccb63') in 0.010627 seconds
  Import took 0.014925 seconds .

AssetImportWorkerClient::OnTransportError - code=2 error=End of file
